<?xml version="1.0" encoding="UTF-8"?>

<beans xmlns="http://www.springframework.org/schema/beans"
		xmlns:xsi="http://www.w3.org/2001/XMLSchema-instance"
		xmlns:context="http://www.springframework.org/schema/context"
		xmlns:aop="http://www.springframework.org/schema/aop"
		xmlns:tx="http://www.springframework.org/schema/tx"
		xsi:schemaLocation="http://www.springframework.org/schema/beans
							http://www.springframework.org/schema/beans/spring-beans-2.5.xsd
							http://www.springframework.org/schema/context
                			http://www.springframework.org/schema/context/spring-context-2.5.xsd
							http://www.springframework.org/schema/aop
							http://www.springframework.org/schema/aop/spring-aop-2.5.xsd
							http://www.springframework.org/schema/tx
							http://www.springframework.org/schema/tx/spring-tx-2.0.xsd">
 
  <import resource="file:build/webapp/WEB-INF/modules/newsletter_module/spring/newsletter-data.xml"/>
  <import resource="file:build/webapp/WEB-INF/modules/newsletter_module/spring/newsletter-service.xml"/>
  <import resource="file:build/webapp/WEB-INF/modules/newsletter_module/spring/newsletter-servlet.xml"/>
  <bean id="newsletterInitializerService" class="com.negeso.module.newsletter.service.NewsletterInitializerService"/>
</beans>

